<?xml version="1.0" encoding="UTF-8"?>
<testsuite xmlns:xsi="http://www.w3.org/2001/XMLSchema-instance" xsi:noNamespaceSchemaLocation="https://maven.apache.org/surefire/maven-surefire-plugin/xsd/surefire-test-report-3.0.xsd" version="3.0" name="com.mercantil.example.mercantiltest.MercantiltestApplicationTests" time="3.827" tests="5" errors="0" skipped="0" failures="0">
  <properties>
[...]
</properties>
  <testcase name="testCrearListaProductos" classname="com.mercantil.example.mercantiltest.MercantiltestApplicationTests" time="0.257">
    <system-out><![CDATA[18:50:32.024 [main] DEBUG org.springframework.test.context.BootstrapUtils - Instantiating CacheAwareContextLoaderDelegate from class [org.springframework.test.context.cache.DefaultCacheAwareContextLoaderDelegate]
18:50:32.031 [main] DEBUG org.springframework.test.context.BootstrapUtils - Instantiating BootstrapContext using constructor [public org.springframework.test.context.support.DefaultBootstrapContext(java.lang.Class,org.springframework.test.context.CacheAwareContextLoaderDelegate)]
18:50:32.055 [main] DEBUG org.springframework.test.context.BootstrapUtils - Instantiating TestContextBootstrapper for test class [com.mercantil.example.mercantiltest.MercantiltestApplicationTests] from class [org.springframework.boot.test.context.SpringBootTestContextBootstrapper]
18:50:32.063 [main] INFO org.springframework.boot.test.context.SpringBootTestContextBootstrapper - Neither @ContextConfiguration nor @ContextHierarchy found for test class [com.mercantil.example.mercantiltest.MercantiltestApplicationTests], using SpringBootContextLoader
18:50:32.065 [main] DEBUG org.springframework.test.context.support.AbstractContextLoader - Did not detect default resource location for test class [com.mercantil.example.mercantiltest.MercantiltestApplicationTests]: class path resource [com/mercantil/example/mercantiltest/MercantiltestApplicationTests-context.xml] does not exist
18:50:32.066 [main] DEBUG org.springframework.test.context.support.AbstractContextLoader - Did not detect default resource location for test class [com.mercantil.example.mercantiltest.MercantiltestApplicationTests]: class path resource [com/mercantil/example/mercantiltest/MercantiltestApplicationTestsContext.groovy] does not exist
18:50:32.066 [main] INFO org.springframework.test.context.support.AbstractContextLoader - Could not detect default resource locations for test class [com.mercantil.example.mercantiltest.MercantiltestApplicationTests]: no resource found for suffixes {-context.xml, Context.groovy}.
18:50:32.066 [main] INFO org.springframework.test.context.support.AnnotationConfigContextLoaderUtils - Could not detect default configuration classes for test class [com.mercantil.example.mercantiltest.MercantiltestApplicationTests]: MercantiltestApplicationTests does not declare any static, non-private, non-final, nested classes annotated with @Configuration.
18:50:32.104 [main] DEBUG org.springframework.test.context.support.ActiveProfilesUtils - Could not find an 'annotation declaring class' for annotation type [org.springframework.test.context.ActiveProfiles] and class [com.mercantil.example.mercantiltest.MercantiltestApplicationTests]
18:50:32.152 [main] DEBUG org.springframework.context.annotation.ClassPathScanningCandidateComponentProvider - Identified candidate component class: file [E:\Descargas\FinalCarrera\mercantiltest\target\classes\com\mercantil\example\mercantiltest\MercantiltestApplication.class]
18:50:32.153 [main] INFO org.springframework.boot.test.context.SpringBootTestContextBootstrapper - Found @SpringBootConfiguration com.mercantil.example.mercantiltest.MercantiltestApplication for test class com.mercantil.example.mercantiltest.MercantiltestApplicationTests
18:50:32.221 [main] DEBUG org.springframework.boot.test.context.SpringBootTestContextBootstrapper - @TestExecutionListeners is not present for class [com.mercantil.example.mercantiltest.MercantiltestApplicationTests]: using defaults.
18:50:32.221 [main] INFO org.springframework.boot.test.context.SpringBootTestContextBootstrapper - Loaded default TestExecutionListener class names from location [META-INF/spring.factories]: [org.springframework.boot.test.mock.mockito.MockitoTestExecutionListener, org.springframework.boot.test.mock.mockito.ResetMocksTestExecutionListener, org.springframework.boot.test.autoconfigure.restdocs.RestDocsTestExecutionListener, org.springframework.boot.test.autoconfigure.web.client.MockRestServiceServerResetTestExecutionListener, org.springframework.boot.test.autoconfigure.web.servlet.MockMvcPrintOnlyOnFailureTestExecutionListener, org.springframework.boot.test.autoconfigure.web.servlet.WebDriverTestExecutionListener, org.springframework.boot.test.autoconfigure.webservices.client.MockWebServiceServerTestExecutionListener, org.springframework.test.context.web.ServletTestExecutionListener, org.springframework.test.context.support.DirtiesContextBeforeModesTestExecutionListener, org.springframework.test.context.event.ApplicationEventsTestExecutionListener, org.springframework.test.context.support.DependencyInjectionTestExecutionListener, org.springframework.test.context.support.DirtiesContextTestExecutionListener, org.springframework.test.context.transaction.TransactionalTestExecutionListener, org.springframework.test.context.jdbc.SqlScriptsTestExecutionListener, org.springframework.test.context.event.EventPublishingTestExecutionListener]
18:50:32.235 [main] INFO org.springframework.boot.test.context.SpringBootTestContextBootstrapper - Using TestExecutionListeners: [org.springframework.test.context.web.ServletTestExecutionListener@cd1e646, org.springframework.test.context.support.DirtiesContextBeforeModesTestExecutionListener@7ba8c737, org.springframework.test.context.event.ApplicationEventsTestExecutionListener@1890516e, org.springframework.boot.test.mock.mockito.MockitoTestExecutionListener@15a04efb, org.springframework.boot.test.autoconfigure.SpringBootDependencyInjectionTestExecutionListener@16c069df, org.springframework.test.context.support.DirtiesContextTestExecutionListener@2bec854f, org.springframework.test.context.transaction.TransactionalTestExecutionListener@31edaa7d, org.springframework.test.context.jdbc.SqlScriptsTestExecutionListener@26adfd2d, org.springframework.test.context.event.EventPublishingTestExecutionListener@3336e6b6, org.springframework.boot.test.mock.mockito.ResetMocksTestExecutionListener@7c3fdb62, org.springframework.boot.test.autoconfigure.restdocs.RestDocsTestExecutionListener@205d38da, org.springframework.boot.test.autoconfigure.web.client.MockRestServiceServerResetTestExecutionListener@6950ed69, org.springframework.boot.test.autoconfigure.web.servlet.MockMvcPrintOnlyOnFailureTestExecutionListener@6dd7b5a3, org.springframework.boot.test.autoconfigure.web.servlet.WebDriverTestExecutionListener@6f3187b0, org.springframework.boot.test.autoconfigure.webservices.client.MockWebServiceServerTestExecutionListener@2663e964]
18:50:32.237 [main] DEBUG org.springframework.test.context.support.AbstractDirtiesContextTestExecutionListener - Before test class: context [DefaultTestContext@1df8b5b8 testClass = MercantiltestApplicationTests, testInstance = [null], testMethod = [null], testException = [null], mergedContextConfiguration = [WebMergedContextConfiguration@23202fce testClass = MercantiltestApplicationTests, locations = '{}', classes = '{class com.mercantil.example.mercantiltest.MercantiltestApplication}', contextInitializerClasses = '[]', activeProfiles = '{}', propertySourceLocations = '{}', propertySourceProperties = '{org.springframework.boot.test.context.SpringBootTestContextBootstrapper=true}', contextCustomizers = set[[ImportsContextCustomizer@7b993c65 key = [org.springframework.boot.test.autoconfigure.web.servlet.MockMvcAutoConfiguration, org.springframework.boot.test.autoconfigure.web.servlet.MockMvcWebClientAutoConfiguration, org.springframework.boot.test.autoconfigure.web.servlet.MockMvcWebDriverAutoConfiguration, org.springframework.boot.autoconfigure.security.oauth2.client.servlet.OAuth2ClientAutoConfiguration, org.springframework.boot.autoconfigure.security.oauth2.resource.servlet.OAuth2ResourceServerAutoConfiguration, org.springframework.boot.autoconfigure.security.servlet.SecurityAutoConfiguration, org.springframework.boot.autoconfigure.security.servlet.SecurityFilterAutoConfiguration, org.springframework.boot.autoconfigure.security.servlet.UserDetailsServiceAutoConfiguration, org.springframework.boot.test.autoconfigure.web.servlet.MockMvcSecurityConfiguration, org.springframework.boot.test.autoconfigure.web.reactive.WebTestClientAutoConfiguration]], org.springframework.boot.test.context.filter.ExcludeFilterContextCustomizer@68567e20, org.springframework.boot.test.json.DuplicateJsonObjectContextCustomizerFactory$DuplicateJsonObjectContextCustomizer@394a2528, org.springframework.boot.test.mock.mockito.MockitoContextCustomizer@0, org.springframework.boot.test.web.client.TestRestTemplateContextCustomizer@36b4fe2a, org.springframework.boot.test.autoconfigure.actuate.metrics.MetricsExportContextCustomizerFactory$DisableMetricExportContextCustomizer@71c3b41, org.springframework.boot.test.autoconfigure.properties.PropertyMappingContextCustomizer@4b3fa0b3, org.springframework.boot.test.autoconfigure.web.servlet.WebDriverContextCustomizerFactory$Customizer@78ffe6dc, org.springframework.boot.test.context.SpringBootTestArgs@1, org.springframework.boot.test.context.SpringBootTestWebEnvironment@79be0360], resourceBasePath = 'src/main/webapp', contextLoader = 'org.springframework.boot.test.context.SpringBootContextLoader', parent = [null]], attributes = map['org.springframework.test.context.web.ServletTestExecutionListener.activateListener' -> true]], class annotated with @DirtiesContext [false] with mode [null].

  .   ____          _            __ _ _
 /\\ / ___'_ __ _ _(_)_ __  __ _ \ \ \ \
( ( )\___ | '_ | '_| | '_ \/ _` | \ \ \ \
 \\/  ___)| |_)| | | | | || (_| |  ) ) ) )
  '  |____| .__|_| |_|_| |_\__, | / / / /
 =========|_|==============|___/=/_/_/_/
 :: Spring Boot ::               (v2.6.13)

2024-01-30 18:50:32.449  INFO 21440 --- [           main] c.m.e.m.MercantiltestApplicationTests    : Starting MercantiltestApplicationTests using Java 1.8.0_372 on DESKTOP-1PSJJ98 with PID 21440 (started by valen in E:\Descargas\FinalCarrera\mercantiltest)
2024-01-30 18:50:32.450  INFO 21440 --- [           main] c.m.e.m.MercantiltestApplicationTests    : No active profile set, falling back to 1 default profile: "default"
2024-01-30 18:50:32.891  INFO 21440 --- [           main] .s.d.r.c.RepositoryConfigurationDelegate : Bootstrapping Spring Data JPA repositories in DEFAULT mode.
2024-01-30 18:50:32.927  INFO 21440 --- [           main] .s.d.r.c.RepositoryConfigurationDelegate : Finished Spring Data repository scanning in 31 ms. Found 3 JPA repository interfaces.
2024-01-30 18:50:33.281  INFO 21440 --- [           main] o.hibernate.jpa.internal.util.LogHelper  : HHH000204: Processing PersistenceUnitInfo [name: default]
2024-01-30 18:50:33.318  INFO 21440 --- [           main] org.hibernate.Version                    : HHH000412: Hibernate ORM core version 5.6.12.Final
2024-01-30 18:50:33.426  INFO 21440 --- [           main] o.hibernate.annotations.common.Version   : HCANN000001: Hibernate Commons Annotations {5.1.2.Final}
2024-01-30 18:50:33.579  INFO 21440 --- [           main] com.zaxxer.hikari.HikariDataSource       : HikariPool-1 - Starting...
2024-01-30 18:50:33.708  INFO 21440 --- [           main] com.zaxxer.hikari.HikariDataSource       : HikariPool-1 - Start completed.
2024-01-30 18:50:33.720  INFO 21440 --- [           main] org.hibernate.dialect.Dialect            : HHH000400: Using dialect: org.hibernate.dialect.H2Dialect
Hibernate: drop table if exists pedidos_cabecera CASCADE 
Hibernate: drop table if exists pedidos_detalle CASCADE 
Hibernate: drop table if exists productos CASCADE 
Hibernate: create table pedidos_cabecera (id binary not null, aplico_descuento boolean, direccion varchar(255), email varchar(255), estado integer, fecha_alta date, horario time, monto_total double, telefono varchar(255), primary key (id))
Hibernate: create table pedidos_detalle (id binary not null, cantidad double, precio_unitario double, pedido_cabecera_id binary not null, producto_id binary, primary key (id))
Hibernate: create table productos (id binary not null, descripcion_corta varchar(255), descripcion_larga varchar(255), nombre varchar(255), precio_unitario double, primary key (id))
Hibernate: alter table pedidos_detalle add constraint FKb3x89fptgddje9duu1bivt8ag foreign key (pedido_cabecera_id) references pedidos_cabecera
Hibernate: alter table pedidos_detalle add constraint FKfeo7wt2j7fedmedx8gwrmifti foreign key (producto_id) references productos
2024-01-30 18:50:34.170  INFO 21440 --- [           main] o.h.e.t.j.p.i.JtaPlatformInitiator       : HHH000490: Using JtaPlatform implementation: [org.hibernate.engine.transaction.jta.platform.internal.NoJtaPlatform]
2024-01-30 18:50:34.176  INFO 21440 --- [           main] j.LocalContainerEntityManagerFactoryBean : Initialized JPA EntityManagerFactory for persistence unit 'default'
2024-01-30 18:50:34.830  WARN 21440 --- [           main] JpaBaseConfiguration$JpaWebConfiguration : spring.jpa.open-in-view is enabled by default. Therefore, database queries may be performed during view rendering. Explicitly configure spring.jpa.open-in-view to disable this warning
2024-01-30 18:50:35.012  INFO 21440 --- [           main] o.s.b.a.h2.H2ConsoleAutoConfiguration    : H2 console available at '/h2-console'. Database available at 'jdbc:h2:mem:mercantil'
2024-01-30 18:50:35.070  INFO 21440 --- [           main] o.s.b.a.w.s.WelcomePageHandlerMapping    : Adding welcome page: class path resource [static/index.html]
2024-01-30 18:50:35.303  INFO 21440 --- [           main] o.s.b.t.m.w.SpringBootMockServletContext : Initializing Spring TestDispatcherServlet ''
2024-01-30 18:50:35.303  INFO 21440 --- [           main] o.s.t.web.servlet.TestDispatcherServlet  : Initializing Servlet ''
2024-01-30 18:50:35.304  INFO 21440 --- [           main] o.s.t.web.servlet.TestDispatcherServlet  : Completed initialization in 1 ms
2024-01-30 18:50:35.319  INFO 21440 --- [           main] c.m.e.m.MercantiltestApplicationTests    : Started MercantiltestApplicationTests in 3.052 seconds (JVM running for 3.741)
Hibernate: select pedidodeta0_.id as id1_1_, pedidodeta0_.cantidad as cantidad2_1_, pedidodeta0_.pedido_cabecera_id as pedido_c4_1_, pedidodeta0_.precio_unitario as precio_u3_1_, pedidodeta0_.producto_id as producto5_1_ from pedidos_detalle pedidodeta0_
Hibernate: select productoen0_.id as id1_2_0_, productoen0_.descripcion_corta as descripc2_2_0_, productoen0_.descripcion_larga as descripc3_2_0_, productoen0_.nombre as nombre4_2_0_, productoen0_.precio_unitario as precio_u5_2_0_ from productos productoen0_ where productoen0_.id=?
Hibernate: select productoen0_.id as id1_2_0_, productoen0_.descripcion_corta as descripc2_2_0_, productoen0_.descripcion_larga as descripc3_2_0_, productoen0_.nombre as nombre4_2_0_, productoen0_.precio_unitario as precio_u5_2_0_ from productos productoen0_ where productoen0_.id=?
Hibernate: insert into productos (descripcion_corta, descripcion_larga, nombre, precio_unitario, id) values (?, ?, ?, ?, ?)
Hibernate: insert into productos (descripcion_corta, descripcion_larga, nombre, precio_unitario, id) values (?, ?, ?, ?, ?)
]]></system-out>
  </testcase>
  <testcase name="testCrearPedidoConErrores" classname="com.mercantil.example.mercantiltest.MercantiltestApplicationTests" time="0.078">
    <system-out><![CDATA[Hibernate: select pedidodeta0_.id as id1_1_, pedidodeta0_.cantidad as cantidad2_1_, pedidodeta0_.pedido_cabecera_id as pedido_c4_1_, pedidodeta0_.precio_unitario as precio_u3_1_, pedidodeta0_.producto_id as producto5_1_ from pedidos_detalle pedidodeta0_
]]></system-out>
  </testcase>
  <testcase name="testCrearPedidoProductos(List)[1]" classname="com.mercantil.example.mercantiltest.MercantiltestApplicationTests" time="0.062">
    <system-out><![CDATA[Hibernate: select pedidodeta0_.id as id1_1_, pedidodeta0_.cantidad as cantidad2_1_, pedidodeta0_.pedido_cabecera_id as pedido_c4_1_, pedidodeta0_.precio_unitario as precio_u3_1_, pedidodeta0_.producto_id as producto5_1_ from pedidos_detalle pedidodeta0_
Hibernate: select productoen0_.id as id1_2_0_, productoen0_.descripcion_corta as descripc2_2_0_, productoen0_.descripcion_larga as descripc3_2_0_, productoen0_.nombre as nombre4_2_0_, productoen0_.precio_unitario as precio_u5_2_0_ from productos productoen0_ where productoen0_.id=?
Hibernate: select productoen0_.id as id1_2_0_, productoen0_.descripcion_corta as descripc2_2_0_, productoen0_.descripcion_larga as descripc3_2_0_, productoen0_.nombre as nombre4_2_0_, productoen0_.precio_unitario as precio_u5_2_0_ from productos productoen0_ where productoen0_.id=?
Hibernate: insert into pedidos_cabecera (aplico_descuento, direccion, email, estado, fecha_alta, horario, monto_total, telefono, id) values (?, ?, ?, ?, ?, ?, ?, ?, ?)
Hibernate: insert into pedidos_detalle (cantidad, pedido_cabecera_id, precio_unitario, producto_id, id) values (?, ?, ?, ?, ?)
Hibernate: insert into pedidos_detalle (cantidad, pedido_cabecera_id, precio_unitario, producto_id, id) values (?, ?, ?, ?, ?)
Hibernate: select productoen0_.id as id1_2_0_, productoen0_.descripcion_corta as descripc2_2_0_, productoen0_.descripcion_larga as descripc3_2_0_, productoen0_.nombre as nombre4_2_0_, productoen0_.precio_unitario as precio_u5_2_0_ from productos productoen0_ where productoen0_.id=?
Hibernate: select productoen0_.id as id1_2_0_, productoen0_.descripcion_corta as descripc2_2_0_, productoen0_.descripcion_larga as descripc3_2_0_, productoen0_.nombre as nombre4_2_0_, productoen0_.precio_unitario as precio_u5_2_0_ from productos productoen0_ where productoen0_.id=?
Hibernate: insert into pedidos_cabecera (aplico_descuento, direccion, email, estado, fecha_alta, horario, monto_total, telefono, id) values (?, ?, ?, ?, ?, ?, ?, ?, ?)
Hibernate: insert into pedidos_detalle (cantidad, pedido_cabecera_id, precio_unitario, producto_id, id) values (?, ?, ?, ?, ?)
Hibernate: insert into pedidos_detalle (cantidad, pedido_cabecera_id, precio_unitario, producto_id, id) values (?, ?, ?, ?, ?)
Hibernate: select productoen0_.id as id1_2_0_, productoen0_.descripcion_corta as descripc2_2_0_, productoen0_.descripcion_larga as descripc3_2_0_, productoen0_.nombre as nombre4_2_0_, productoen0_.precio_unitario as precio_u5_2_0_ from productos productoen0_ where productoen0_.id=?
Hibernate: select productoen0_.id as id1_2_0_, productoen0_.descripcion_corta as descripc2_2_0_, productoen0_.descripcion_larga as descripc3_2_0_, productoen0_.nombre as nombre4_2_0_, productoen0_.precio_unitario as precio_u5_2_0_ from productos productoen0_ where productoen0_.id=?
Hibernate: insert into pedidos_cabecera (aplico_descuento, direccion, email, estado, fecha_alta, horario, monto_total, telefono, id) values (?, ?, ?, ?, ?, ?, ?, ?, ?)
Hibernate: insert into pedidos_detalle (cantidad, pedido_cabecera_id, precio_unitario, producto_id, id) values (?, ?, ?, ?, ?)
Hibernate: insert into pedidos_detalle (cantidad, pedido_cabecera_id, precio_unitario, producto_id, id) values (?, ?, ?, ?, ?)
Hibernate: select pedidodeta0_.id as id1_1_, pedidodeta0_.cantidad as cantidad2_1_, pedidodeta0_.pedido_cabecera_id as pedido_c4_1_, pedidodeta0_.precio_unitario as precio_u3_1_, pedidodeta0_.producto_id as producto5_1_ from pedidos_detalle pedidodeta0_
Hibernate: select pedidocabe0_.id as id1_0_0_, pedidocabe0_.aplico_descuento as aplico_d2_0_0_, pedidocabe0_.direccion as direccio3_0_0_, pedidocabe0_.email as email4_0_0_, pedidocabe0_.estado as estado5_0_0_, pedidocabe0_.fecha_alta as fecha_al6_0_0_, pedidocabe0_.horario as horario7_0_0_, pedidocabe0_.monto_total as monto_to8_0_0_, pedidocabe0_.telefono as telefono9_0_0_ from pedidos_cabecera pedidocabe0_ where pedidocabe0_.id=?
Hibernate: select productoen0_.id as id1_2_0_, productoen0_.descripcion_corta as descripc2_2_0_, productoen0_.descripcion_larga as descripc3_2_0_, productoen0_.nombre as nombre4_2_0_, productoen0_.precio_unitario as precio_u5_2_0_ from productos productoen0_ where productoen0_.id=?
Hibernate: select productoen0_.id as id1_2_0_, productoen0_.descripcion_corta as descripc2_2_0_, productoen0_.descripcion_larga as descripc3_2_0_, productoen0_.nombre as nombre4_2_0_, productoen0_.precio_unitario as precio_u5_2_0_ from productos productoen0_ where productoen0_.id=?
Hibernate: select pedidocabe0_.id as id1_0_0_, pedidocabe0_.aplico_descuento as aplico_d2_0_0_, pedidocabe0_.direccion as direccio3_0_0_, pedidocabe0_.email as email4_0_0_, pedidocabe0_.estado as estado5_0_0_, pedidocabe0_.fecha_alta as fecha_al6_0_0_, pedidocabe0_.horario as horario7_0_0_, pedidocabe0_.monto_total as monto_to8_0_0_, pedidocabe0_.telefono as telefono9_0_0_ from pedidos_cabecera pedidocabe0_ where pedidocabe0_.id=?
Hibernate: select pedidocabe0_.id as id1_0_0_, pedidocabe0_.aplico_descuento as aplico_d2_0_0_, pedidocabe0_.direccion as direccio3_0_0_, pedidocabe0_.email as email4_0_0_, pedidocabe0_.estado as estado5_0_0_, pedidocabe0_.fecha_alta as fecha_al6_0_0_, pedidocabe0_.horario as horario7_0_0_, pedidocabe0_.monto_total as monto_to8_0_0_, pedidocabe0_.telefono as telefono9_0_0_ from pedidos_cabecera pedidocabe0_ where pedidocabe0_.id=?
Hibernate: delete from pedidos_detalle where id=?
Hibernate: delete from pedidos_detalle where id=?
Hibernate: delete from pedidos_detalle where id=?
Hibernate: delete from pedidos_detalle where id=?
Hibernate: delete from pedidos_detalle where id=?
Hibernate: delete from pedidos_detalle where id=?
]]></system-out>
  </testcase>
  <testcase name="testListarPedidosPorFecha(List)[1]" classname="com.mercantil.example.mercantiltest.MercantiltestApplicationTests" time="0.058">
    <system-out><![CDATA[Hibernate: select pedidodeta0_.id as id1_1_, pedidodeta0_.cantidad as cantidad2_1_, pedidodeta0_.pedido_cabecera_id as pedido_c4_1_, pedidodeta0_.precio_unitario as precio_u3_1_, pedidodeta0_.producto_id as producto5_1_ from pedidos_detalle pedidodeta0_
Hibernate: select productoen0_.id as id1_2_0_, productoen0_.descripcion_corta as descripc2_2_0_, productoen0_.descripcion_larga as descripc3_2_0_, productoen0_.nombre as nombre4_2_0_, productoen0_.precio_unitario as precio_u5_2_0_ from productos productoen0_ where productoen0_.id=?
Hibernate: select productoen0_.id as id1_2_0_, productoen0_.descripcion_corta as descripc2_2_0_, productoen0_.descripcion_larga as descripc3_2_0_, productoen0_.nombre as nombre4_2_0_, productoen0_.precio_unitario as precio_u5_2_0_ from productos productoen0_ where productoen0_.id=?
Hibernate: select productoen0_.id as id1_2_0_, productoen0_.descripcion_corta as descripc2_2_0_, productoen0_.descripcion_larga as descripc3_2_0_, productoen0_.nombre as nombre4_2_0_, productoen0_.precio_unitario as precio_u5_2_0_ from productos productoen0_ where productoen0_.id=?
Hibernate: select productoen0_.id as id1_2_0_, productoen0_.descripcion_corta as descripc2_2_0_, productoen0_.descripcion_larga as descripc3_2_0_, productoen0_.nombre as nombre4_2_0_, productoen0_.precio_unitario as precio_u5_2_0_ from productos productoen0_ where productoen0_.id=?
Hibernate: insert into pedidos_cabecera (aplico_descuento, direccion, email, estado, fecha_alta, horario, monto_total, telefono, id) values (?, ?, ?, ?, ?, ?, ?, ?, ?)
Hibernate: insert into pedidos_detalle (cantidad, pedido_cabecera_id, precio_unitario, producto_id, id) values (?, ?, ?, ?, ?)
Hibernate: insert into pedidos_detalle (cantidad, pedido_cabecera_id, precio_unitario, producto_id, id) values (?, ?, ?, ?, ?)
Hibernate: select pedidocabe0_.id as id1_0_, pedidocabe0_.aplico_descuento as aplico_d2_0_, pedidocabe0_.direccion as direccio3_0_, pedidocabe0_.email as email4_0_, pedidocabe0_.estado as estado5_0_, pedidocabe0_.fecha_alta as fecha_al6_0_, pedidocabe0_.horario as horario7_0_, pedidocabe0_.monto_total as monto_to8_0_, pedidocabe0_.telefono as telefono9_0_ from pedidos_cabecera pedidocabe0_ where cast(pedidocabe0_.fecha_alta as date)=cast(? as date)
Hibernate: select pedidodeta0_.id as id1_1_0_, pedidocabe1_.id as id1_0_1_, productoen2_.id as id1_2_2_, pedidodeta0_.cantidad as cantidad2_1_0_, pedidodeta0_.pedido_cabecera_id as pedido_c4_1_0_, pedidodeta0_.precio_unitario as precio_u3_1_0_, pedidodeta0_.producto_id as producto5_1_0_, pedidocabe1_.aplico_descuento as aplico_d2_0_1_, pedidocabe1_.direccion as direccio3_0_1_, pedidocabe1_.email as email4_0_1_, pedidocabe1_.estado as estado5_0_1_, pedidocabe1_.fecha_alta as fecha_al6_0_1_, pedidocabe1_.horario as horario7_0_1_, pedidocabe1_.monto_total as monto_to8_0_1_, pedidocabe1_.telefono as telefono9_0_1_, productoen2_.descripcion_corta as descripc2_2_2_, productoen2_.descripcion_larga as descripc3_2_2_, productoen2_.nombre as nombre4_2_2_, productoen2_.precio_unitario as precio_u5_2_2_ from pedidos_detalle pedidodeta0_ inner join pedidos_cabecera pedidocabe1_ on pedidodeta0_.pedido_cabecera_id=pedidocabe1_.id inner join productos productoen2_ on pedidodeta0_.producto_id=productoen2_.id where pedidocabe1_.id=? or pedidocabe1_.id=?
Hibernate: select pedidodeta0_.id as id1_1_0_, pedidocabe1_.id as id1_0_1_, productoen2_.id as id1_2_2_, pedidodeta0_.cantidad as cantidad2_1_0_, pedidodeta0_.pedido_cabecera_id as pedido_c4_1_0_, pedidodeta0_.precio_unitario as precio_u3_1_0_, pedidodeta0_.producto_id as producto5_1_0_, pedidocabe1_.aplico_descuento as aplico_d2_0_1_, pedidocabe1_.direccion as direccio3_0_1_, pedidocabe1_.email as email4_0_1_, pedidocabe1_.estado as estado5_0_1_, pedidocabe1_.fecha_alta as fecha_al6_0_1_, pedidocabe1_.horario as horario7_0_1_, pedidocabe1_.monto_total as monto_to8_0_1_, pedidocabe1_.telefono as telefono9_0_1_, productoen2_.descripcion_corta as descripc2_2_2_, productoen2_.descripcion_larga as descripc3_2_2_, productoen2_.nombre as nombre4_2_2_, productoen2_.precio_unitario as precio_u5_2_2_ from pedidos_detalle pedidodeta0_ inner join pedidos_cabecera pedidocabe1_ on pedidodeta0_.pedido_cabecera_id=pedidocabe1_.id inner join productos productoen2_ on pedidodeta0_.producto_id=productoen2_.id where pedidocabe1_.id=? or pedidocabe1_.id=?
Hibernate: select pedidodeta0_.id as id1_1_0_, pedidocabe1_.id as id1_0_1_, productoen2_.id as id1_2_2_, pedidodeta0_.cantidad as cantidad2_1_0_, pedidodeta0_.pedido_cabecera_id as pedido_c4_1_0_, pedidodeta0_.precio_unitario as precio_u3_1_0_, pedidodeta0_.producto_id as producto5_1_0_, pedidocabe1_.aplico_descuento as aplico_d2_0_1_, pedidocabe1_.direccion as direccio3_0_1_, pedidocabe1_.email as email4_0_1_, pedidocabe1_.estado as estado5_0_1_, pedidocabe1_.fecha_alta as fecha_al6_0_1_, pedidocabe1_.horario as horario7_0_1_, pedidocabe1_.monto_total as monto_to8_0_1_, pedidocabe1_.telefono as telefono9_0_1_, productoen2_.descripcion_corta as descripc2_2_2_, productoen2_.descripcion_larga as descripc3_2_2_, productoen2_.nombre as nombre4_2_2_, productoen2_.precio_unitario as precio_u5_2_2_ from pedidos_detalle pedidodeta0_ inner join pedidos_cabecera pedidocabe1_ on pedidodeta0_.pedido_cabecera_id=pedidocabe1_.id inner join productos productoen2_ on pedidodeta0_.producto_id=productoen2_.id where pedidocabe1_.id=? or pedidocabe1_.id=?
Hibernate: select pedidodeta0_.id as id1_1_0_, pedidocabe1_.id as id1_0_1_, productoen2_.id as id1_2_2_, pedidodeta0_.cantidad as cantidad2_1_0_, pedidodeta0_.pedido_cabecera_id as pedido_c4_1_0_, pedidodeta0_.precio_unitario as precio_u3_1_0_, pedidodeta0_.producto_id as producto5_1_0_, pedidocabe1_.aplico_descuento as aplico_d2_0_1_, pedidocabe1_.direccion as direccio3_0_1_, pedidocabe1_.email as email4_0_1_, pedidocabe1_.estado as estado5_0_1_, pedidocabe1_.fecha_alta as fecha_al6_0_1_, pedidocabe1_.horario as horario7_0_1_, pedidocabe1_.monto_total as monto_to8_0_1_, pedidocabe1_.telefono as telefono9_0_1_, productoen2_.descripcion_corta as descripc2_2_2_, productoen2_.descripcion_larga as descripc3_2_2_, productoen2_.nombre as nombre4_2_2_, productoen2_.precio_unitario as precio_u5_2_2_ from pedidos_detalle pedidodeta0_ inner join pedidos_cabecera pedidocabe1_ on pedidodeta0_.pedido_cabecera_id=pedidocabe1_.id inner join productos productoen2_ on pedidodeta0_.producto_id=productoen2_.id where pedidocabe1_.id=? or pedidocabe1_.id=?
{"fecha":"2024-01-30","direccion":"Dorton Road 80","email":"tsayb@opera.com","telefono":"(0351) 48158101","horario":"21:00","detalle":[{"producto":"89efb206-2aa6-4e21-8a23-5765e3de1f31","nombre":"Jamón y morrones","cantidad":3.0,"importe":550.0},{"producto":"e29ebd0c-39d2-4054-b0f4-ed2d0ea089a1","nombre":"Palmitos","cantidad":4.0,"importe":600.0}],"total":2835.0,"descuento":true}
Hibernate: select productoen0_.id as id1_2_0_, productoen0_.descripcion_corta as descripc2_2_0_, productoen0_.descripcion_larga as descripc3_2_0_, productoen0_.nombre as nombre4_2_0_, productoen0_.precio_unitario as precio_u5_2_0_ from productos productoen0_ where productoen0_.id=?
Hibernate: select productoen0_.id as id1_2_0_, productoen0_.descripcion_corta as descripc2_2_0_, productoen0_.descripcion_larga as descripc3_2_0_, productoen0_.nombre as nombre4_2_0_, productoen0_.precio_unitario as precio_u5_2_0_ from productos productoen0_ where productoen0_.id=?
Hibernate: insert into pedidos_cabecera (aplico_descuento, direccion, email, estado, fecha_alta, horario, monto_total, telefono, id) values (?, ?, ?, ?, ?, ?, ?, ?, ?)
Hibernate: insert into pedidos_detalle (cantidad, pedido_cabecera_id, precio_unitario, producto_id, id) values (?, ?, ?, ?, ?)
Hibernate: insert into pedidos_detalle (cantidad, pedido_cabecera_id, precio_unitario, producto_id, id) values (?, ?, ?, ?, ?)
Hibernate: select productoen0_.id as id1_2_0_, productoen0_.descripcion_corta as descripc2_2_0_, productoen0_.descripcion_larga as descripc3_2_0_, productoen0_.nombre as nombre4_2_0_, productoen0_.precio_unitario as precio_u5_2_0_ from productos productoen0_ where productoen0_.id=?
Hibernate: select productoen0_.id as id1_2_0_, productoen0_.descripcion_corta as descripc2_2_0_, productoen0_.descripcion_larga as descripc3_2_0_, productoen0_.nombre as nombre4_2_0_, productoen0_.precio_unitario as precio_u5_2_0_ from productos productoen0_ where productoen0_.id=?
Hibernate: insert into pedidos_cabecera (aplico_descuento, direccion, email, estado, fecha_alta, horario, monto_total, telefono, id) values (?, ?, ?, ?, ?, ?, ?, ?, ?)
Hibernate: insert into pedidos_detalle (cantidad, pedido_cabecera_id, precio_unitario, producto_id, id) values (?, ?, ?, ?, ?)
Hibernate: insert into pedidos_detalle (cantidad, pedido_cabecera_id, precio_unitario, producto_id, id) values (?, ?, ?, ?, ?)
Hibernate: select productoen0_.id as id1_2_0_, productoen0_.descripcion_corta as descripc2_2_0_, productoen0_.descripcion_larga as descripc3_2_0_, productoen0_.nombre as nombre4_2_0_, productoen0_.precio_unitario as precio_u5_2_0_ from productos productoen0_ where productoen0_.id=?
Hibernate: select productoen0_.id as id1_2_0_, productoen0_.descripcion_corta as descripc2_2_0_, productoen0_.descripcion_larga as descripc3_2_0_, productoen0_.nombre as nombre4_2_0_, productoen0_.precio_unitario as precio_u5_2_0_ from productos productoen0_ where productoen0_.id=?
Hibernate: insert into pedidos_cabecera (aplico_descuento, direccion, email, estado, fecha_alta, horario, monto_total, telefono, id) values (?, ?, ?, ?, ?, ?, ?, ?, ?)
Hibernate: insert into pedidos_detalle (cantidad, pedido_cabecera_id, precio_unitario, producto_id, id) values (?, ?, ?, ?, ?)
Hibernate: insert into pedidos_detalle (cantidad, pedido_cabecera_id, precio_unitario, producto_id, id) values (?, ?, ?, ?, ?)
Hibernate: select pedidodeta0_.id as id1_1_, pedidodeta0_.cantidad as cantidad2_1_, pedidodeta0_.pedido_cabecera_id as pedido_c4_1_, pedidodeta0_.precio_unitario as precio_u3_1_, pedidodeta0_.producto_id as producto5_1_ from pedidos_detalle pedidodeta0_
Hibernate: select pedidocabe0_.id as id1_0_0_, pedidocabe0_.aplico_descuento as aplico_d2_0_0_, pedidocabe0_.direccion as direccio3_0_0_, pedidocabe0_.email as email4_0_0_, pedidocabe0_.estado as estado5_0_0_, pedidocabe0_.fecha_alta as fecha_al6_0_0_, pedidocabe0_.horario as horario7_0_0_, pedidocabe0_.monto_total as monto_to8_0_0_, pedidocabe0_.telefono as telefono9_0_0_ from pedidos_cabecera pedidocabe0_ where pedidocabe0_.id=?
Hibernate: select productoen0_.id as id1_2_0_, productoen0_.descripcion_corta as descripc2_2_0_, productoen0_.descripcion_larga as descripc3_2_0_, productoen0_.nombre as nombre4_2_0_, productoen0_.precio_unitario as precio_u5_2_0_ from productos productoen0_ where productoen0_.id=?
Hibernate: select productoen0_.id as id1_2_0_, productoen0_.descripcion_corta as descripc2_2_0_, productoen0_.descripcion_larga as descripc3_2_0_, productoen0_.nombre as nombre4_2_0_, productoen0_.precio_unitario as precio_u5_2_0_ from productos productoen0_ where productoen0_.id=?
Hibernate: select pedidocabe0_.id as id1_0_0_, pedidocabe0_.aplico_descuento as aplico_d2_0_0_, pedidocabe0_.direccion as direccio3_0_0_, pedidocabe0_.email as email4_0_0_, pedidocabe0_.estado as estado5_0_0_, pedidocabe0_.fecha_alta as fecha_al6_0_0_, pedidocabe0_.horario as horario7_0_0_, pedidocabe0_.monto_total as monto_to8_0_0_, pedidocabe0_.telefono as telefono9_0_0_ from pedidos_cabecera pedidocabe0_ where pedidocabe0_.id=?
Hibernate: select pedidocabe0_.id as id1_0_0_, pedidocabe0_.aplico_descuento as aplico_d2_0_0_, pedidocabe0_.direccion as direccio3_0_0_, pedidocabe0_.email as email4_0_0_, pedidocabe0_.estado as estado5_0_0_, pedidocabe0_.fecha_alta as fecha_al6_0_0_, pedidocabe0_.horario as horario7_0_0_, pedidocabe0_.monto_total as monto_to8_0_0_, pedidocabe0_.telefono as telefono9_0_0_ from pedidos_cabecera pedidocabe0_ where pedidocabe0_.id=?
Hibernate: select pedidocabe0_.id as id1_0_0_, pedidocabe0_.aplico_descuento as aplico_d2_0_0_, pedidocabe0_.direccion as direccio3_0_0_, pedidocabe0_.email as email4_0_0_, pedidocabe0_.estado as estado5_0_0_, pedidocabe0_.fecha_alta as fecha_al6_0_0_, pedidocabe0_.horario as horario7_0_0_, pedidocabe0_.monto_total as monto_to8_0_0_, pedidocabe0_.telefono as telefono9_0_0_ from pedidos_cabecera pedidocabe0_ where pedidocabe0_.id=?
Hibernate: delete from pedidos_detalle where id=?
Hibernate: delete from pedidos_detalle where id=?
Hibernate: delete from pedidos_detalle where id=?
Hibernate: delete from pedidos_detalle where id=?
Hibernate: delete from pedidos_detalle where id=?
Hibernate: delete from pedidos_detalle where id=?
Hibernate: delete from pedidos_detalle where id=?
Hibernate: delete from pedidos_detalle where id=?
]]></system-out>
  </testcase>
  <testcase name="contextLoads" classname="com.mercantil.example.mercantiltest.MercantiltestApplicationTests" time="0.003">
    <system-out><![CDATA[Hibernate: select pedidodeta0_.id as id1_1_, pedidodeta0_.cantidad as cantidad2_1_, pedidodeta0_.pedido_cabecera_id as pedido_c4_1_, pedidodeta0_.precio_unitario as precio_u3_1_, pedidodeta0_.producto_id as producto5_1_ from pedidos_detalle pedidodeta0_
]]></system-out>
  </testcase>
</testsuite>